<?xml version="1.0" encoding="UTF-8"?>
<testsuite xmlns:xsi="http://www.w3.org/2001/XMLSchema-instance" xsi:noNamespaceSchemaLocation="https://maven.apache.org/surefire/maven-surefire-plugin/xsd/surefire-test-report-3.0.xsd" version="3.0" name="bdd.test_running.TestRunning" time="0.037" tests="16" errors="0" skipped="16" failures="0">
  <properties>
[...]
</properties>
  <testcase name="Given I am logged in as quiz master" classname="| testQuiz | testQuestion | firstAns | secondAns |" time="0.0">
    <skipped message="&lt;unknown&gt;"/>
  </testcase>
  <testcase name="When I create a quiz with &quot;testQuiz&quot; &quot;testQuestion&quot; &quot;firstAns&quot; &quot;secondAns&quot;" classname="| testQuiz | testQuestion | firstAns | secondAns |" time="0.0">
    <skipped message="&lt;unknown&gt;"/>
  </testcase>
  <testcase name="Then I see the &quot;testQuiz&quot;" classname="| testQuiz | testQuestion | firstAns | secondAns |" time="0.0">
    <skipped message="&lt;unknown&gt;"/>
  </testcase>
  <testcase name="| testQuiz | testQuestion | firstAns | secondAns |" classname="Examples: " time="0.0">
    <skipped message="&lt;unknown&gt;"/>
  </testcase>
  <testcase name="| automation11 | 1234 | Logout |" classname="Examples: " time="0.0">
    <skipped message="&lt;unknown&gt;"/>
  </testcase>
  <testcase name="| automation12 | 1234 | Logout |" classname="Examples: " time="0.0">
    <skipped message="&lt;unknown&gt;"/>
  </testcase>
  <testcase name="| automation13 | 1234 | Logout |" classname="Examples: " time="0.0">
    <skipped message="&lt;unknown&gt;"/>
  </testcase>
  <testcase name="Given I am a registered user" classname="| automation11 | 1234 | Logout |" time="0.0">
    <skipped message="&lt;unknown&gt;"/>
  </testcase>
  <testcase name="When I try to login with &quot;automation11&quot; &quot;1234&quot;" classname="| automation11 | 1234 | Logout |" time="0.0">
    <skipped message="&lt;unknown&gt;"/>
  </testcase>
  <testcase name="Then I see the logout &quot;Logout&quot;" classname="| automation11 | 1234 | Logout |" time="0.0">
    <skipped message="&lt;unknown&gt;"/>
  </testcase>
  <testcase name="Given I am a registered user" classname="| automation12 | 1234 | Logout |" time="0.0">
    <skipped message="&lt;unknown&gt;"/>
  </testcase>
  <testcase name="When I try to login with &quot;automation12&quot; &quot;1234&quot;" classname="| automation12 | 1234 | Logout |" time="0.0">
    <skipped message="&lt;unknown&gt;"/>
  </testcase>
  <testcase name="Then I see the logout &quot;Logout&quot;" classname="| automation12 | 1234 | Logout |" time="0.0">
    <skipped message="&lt;unknown&gt;"/>
  </testcase>
  <testcase name="Given I am a registered user" classname="| automation13 | 1234 | Logout |" time="0.0">
    <skipped message="&lt;unknown&gt;"/>
  </testcase>
  <testcase name="When I try to login with &quot;automation13&quot; &quot;1234&quot;" classname="| automation13 | 1234 | Logout |" time="0.0">
    <skipped message="&lt;unknown&gt;"/>
  </testcase>
  <testcase name="Then I see the logout &quot;Logout&quot;" classname="| automation13 | 1234 | Logout |" time="0.0">
    <skipped message="&lt;unknown&gt;"/>
  </testcase>
</testsuite>